<?xml version="1.0" encoding="UTF-8"?>
<testsuite name="com.xpression.test.LogicalExpressionsTests" tests="8" skipped="0" failures="0" errors="0" timestamp="2023-10-19T00:32:07" hostname="Abhijits-MacBook-Pro.local" time="0.037">
  <properties/>
  <testcase name="testComparisonOperatorsWithStrings()" classname="com.xpression.test.LogicalExpressionsTests" time="0.002"/>
  <testcase name="testComparisonOperators()" classname="com.xpression.test.LogicalExpressionsTests" time="0.002"/>
  <testcase name="testExpressionsWithMultipleComparisonOperators()" classname="com.xpression.test.LogicalExpressionsTests" time="0.002"/>
  <testcase name="testComplexExpressions()" classname="com.xpression.test.LogicalExpressionsTests" time="0.001"/>
  <testcase name="testComparisonOperatorsWithStrings()" classname="com.xpression.test.LogicalExpressionsTests" time="0.001"/>
  <testcase name="testComparisonOperators()" classname="com.xpression.test.LogicalExpressionsTests" time="0.001"/>
  <testcase name="testExpressionsWithMultipleComparisonOperators()" classname="com.xpression.test.LogicalExpressionsTests" time="0.0"/>
  <testcase name="testComplexExpressions()" classname="com.xpression.test.LogicalExpressionsTests" time="0.001"/>
  <system-out><![CDATA[]]></system-out>
  <system-err><![CDATA[]]></system-err>
</testsuite>
