<?xml version="1.0" encoding="UTF-8"?>
<testsuite name="com.xpression.test.FunctionTests" tests="8" skipped="0" failures="0" errors="0" timestamp="2023-10-19T00:32:07" hostname="Abhijits-MacBook-Pro.local" time="0.076">
  <properties/>
  <testcase name="logicTests()" classname="com.xpression.test.FunctionTests" time="0.025"/>
  <testcase name="textTests()" classname="com.xpression.test.FunctionTests" time="0.005"/>
  <testcase name="dataTests()" classname="com.xpression.test.FunctionTests" time="0.003"/>
  <testcase name="mathTests()" classname="com.xpression.test.FunctionTests" time="0.001"/>
  <testcase name="logicTests()" classname="com.xpression.test.FunctionTests" time="0.002"/>
  <testcase name="textTests()" classname="com.xpression.test.FunctionTests" time="0.002"/>
  <testcase name="dataTests()" classname="com.xpression.test.FunctionTests" time="0.002"/>
  <testcase name="mathTests()" classname="com.xpression.test.FunctionTests" time="0.001"/>
  <system-out><![CDATA[]]></system-out>
  <system-err><![CDATA[]]></system-err>
</testsuite>
