<?xml version="1.0" encoding="UTF-8"?>
<testsuite name="com.xpression.test.TernaryExpressionsTests" tests="8" skipped="0" failures="0" errors="0" timestamp="2023-10-19T00:32:07" hostname="Abhijits-MacBook-Pro.local" time="0.034">
  <properties/>
  <testcase name="testTernaryOperatorWithMultipleStrings()" classname="com.xpression.test.TernaryExpressionsTests" time="0.002"/>
  <testcase name="testTernaryOperatorWithMultipleOperators()" classname="com.xpression.test.TernaryExpressionsTests" time="0.0"/>
  <testcase name="testTernaryOperatorWithStrings()" classname="com.xpression.test.TernaryExpressionsTests" time="0.0"/>
  <testcase name="testTernaryOperator()" classname="com.xpression.test.TernaryExpressionsTests" time="0.0"/>
  <testcase name="testTernaryOperatorWithMultipleStrings()" classname="com.xpression.test.TernaryExpressionsTests" time="0.001"/>
  <testcase name="testTernaryOperatorWithMultipleOperators()" classname="com.xpression.test.TernaryExpressionsTests" time="0.0"/>
  <testcase name="testTernaryOperatorWithStrings()" classname="com.xpression.test.TernaryExpressionsTests" time="0.0"/>
  <testcase name="testTernaryOperator()" classname="com.xpression.test.TernaryExpressionsTests" time="0.0"/>
  <system-out><![CDATA[]]></system-out>
  <system-err><![CDATA[]]></system-err>
</testsuite>
