<?xml version="1.0" encoding="UTF-8"?>
<testsuite name="com.xpression.test.AccessorTest" tests="2" skipped="0" failures="0" errors="0" timestamp="2023-10-19T00:32:07" hostname="Abhijits-MacBook-Pro.local" time="0.141">
  <properties/>
  <testcase name="testVariable()" classname="com.xpression.test.AccessorTest" time="0.053"/>
  <testcase name="testVariable()" classname="com.xpression.test.AccessorTest" time="0.001"/>
  <system-out><![CDATA[]]></system-out>
  <system-err><![CDATA[]]></system-err>
</testsuite>
